# Logfile created on 2013-11-24 01:31:02 +0000 by logger.rb/31641
D, [2013-11-24T01:31:02.358424 #5228] DEBUG -- : REQUESTING PAGE: GET / with {} and HTTP headers {}
D, [2013-11-24T01:31:02.377425 #5228] DEBUG -- : REQUESTING PAGE: GET / with {} and HTTP headers {"HTTP_REFERER"=>"/"}
D, [2013-11-24T01:31:02.411427 #5228] DEBUG -- : REQUESTING PAGE: GET /resources with {} and HTTP headers {"HTTP_REFERER"=>"/"}
D, [2013-11-24T01:31:02.429428 #5228] DEBUG -- : REQUESTING PAGE: GET /organisations with {} and HTTP headers {"HTTP_REFERER"=>"/resources"}
D, [2013-11-24T01:31:02.452430 #5228] DEBUG -- : REQUESTING PAGE: GET /what_is_here with {} and HTTP headers {"HTTP_REFERER"=>"/organisations"}
D, [2013-11-24T01:31:02.487432 #5228] DEBUG -- : REQUESTING PAGE: GET /events with {} and HTTP headers {"HTTP_REFERER"=>"/what_is_here"}
D, [2013-11-24T01:31:02.507433 #5228] DEBUG -- : REQUESTING PAGE: GET /contact_us with {} and HTTP headers {"HTTP_REFERER"=>"/events"}
D, [2013-11-24T01:31:14.392113 #6804] DEBUG -- : REQUESTING PAGE: GET / with {} and HTTP headers {}
D, [2013-11-24T01:31:14.410114 #6804] DEBUG -- : REQUESTING PAGE: GET / with {} and HTTP headers {"HTTP_REFERER"=>"/"}
D, [2013-11-24T01:31:14.445116 #6804] DEBUG -- : REQUESTING PAGE: GET /resources with {} and HTTP headers {"HTTP_REFERER"=>"/"}
D, [2013-11-24T01:31:14.462117 #6804] DEBUG -- : REQUESTING PAGE: GET /organisations with {} and HTTP headers {"HTTP_REFERER"=>"/resources"}
D, [2013-11-24T01:31:14.502119 #6804] DEBUG -- : REQUESTING PAGE: GET /what_is_here with {} and HTTP headers {"HTTP_REFERER"=>"/organisations"}
D, [2013-11-24T01:31:14.519120 #6804] DEBUG -- : REQUESTING PAGE: GET /events with {} and HTTP headers {"HTTP_REFERER"=>"/what_is_here"}
D, [2013-11-24T01:31:14.556122 #6804] DEBUG -- : REQUESTING PAGE: GET /contact_us with {} and HTTP headers {"HTTP_REFERER"=>"/events"}
D, [2013-11-24T01:34:55.588764 #4236] DEBUG -- : REQUESTING PAGE: GET / with {} and HTTP headers {}
D, [2013-11-24T01:34:55.623766 #4236] DEBUG -- : REQUESTING PAGE: GET / with {} and HTTP headers {"HTTP_REFERER"=>"/"}
D, [2013-11-24T01:34:55.641767 #4236] DEBUG -- : REQUESTING PAGE: GET /resources with {} and HTTP headers {"HTTP_REFERER"=>"/"}
D, [2013-11-24T01:34:55.676769 #4236] DEBUG -- : REQUESTING PAGE: GET /organisations with {} and HTTP headers {"HTTP_REFERER"=>"/resources"}
D, [2013-11-24T01:34:55.693770 #4236] DEBUG -- : REQUESTING PAGE: GET /what_is_here with {} and HTTP headers {"HTTP_REFERER"=>"/organisations"}
D, [2013-11-24T01:34:55.727772 #4236] DEBUG -- : REQUESTING PAGE: GET /events with {} and HTTP headers {"HTTP_REFERER"=>"/what_is_here"}
D, [2013-11-24T01:34:55.744773 #4236] DEBUG -- : REQUESTING PAGE: GET /contact_us with {} and HTTP headers {"HTTP_REFERER"=>"/events"}
D, [2013-11-24T01:36:17.291437 #9040] DEBUG -- : REQUESTING PAGE: GET / with {} and HTTP headers {}
D, [2013-11-24T01:36:17.326439 #9040] DEBUG -- : REQUESTING PAGE: GET / with {} and HTTP headers {"HTTP_REFERER"=>"/"}
D, [2013-11-24T01:36:17.345441 #9040] DEBUG -- : REQUESTING PAGE: GET /resources with {} and HTTP headers {"HTTP_REFERER"=>"/"}
D, [2013-11-24T01:36:17.361441 #9040] DEBUG -- : REQUESTING PAGE: GET /organisations with {} and HTTP headers {"HTTP_REFERER"=>"/resources"}
D, [2013-11-24T01:36:17.396443 #9040] DEBUG -- : REQUESTING PAGE: GET /what_is_here with {} and HTTP headers {"HTTP_REFERER"=>"/organisations"}
D, [2013-11-24T01:36:17.414445 #9040] DEBUG -- : REQUESTING PAGE: GET /events with {} and HTTP headers {"HTTP_REFERER"=>"/what_is_here"}
D, [2013-11-24T01:36:17.448446 #9040] DEBUG -- : REQUESTING PAGE: GET /contact_us with {} and HTTP headers {"HTTP_REFERER"=>"/events"}
